build/app/intermediates/manifest_merge_blame_file/debug/manifest-merger-blame-debug-report.txt
1<?xml version="1.0" encoding="utf-8"?>
2<manifest xmlns:android="http://schemas.android.com/apk/res/android"
3    package="gr.ntua.healthkat"
4    android:versionCode="1"
5    android:versionName="1.0.0" >
6
7    <uses-sdk
8        android:minSdkVersion="21"
9        android:targetSdkVersion="31" />
10    <!--
11         Flutter needs it to communicate with the running application
12         to allow setting breakpoints, to provide hot reload, etc.
13    -->
14    <uses-permission android:name="android.permission.INTERNET" />
14-->src\debug\AndroidManifest.xml:6:5-66
14-->src\debug\AndroidManifest.xml:6:22-64
15    <uses-permission android:name="android.permission.WAKE_LOCK" />
15-->[:firebase_messaging] AndroidManifest.xml:8:5-68
15-->[:firebase_messaging] AndroidManifest.xml:8:22-65
16    <uses-permission android:name="android.permission.ACCESS_NETWORK_STATE" /> <!-- Required by older versions of Google Play services to create IID tokens -->
16-->[:firebase_messaging] AndroidManifest.xml:9:5-79
16-->[:firebase_messaging] AndroidManifest.xml:9:22-76
17    <uses-permission android:name="com.google.android.c2dm.permission.RECEIVE" />
17-->[com.google.firebase:firebase-messaging:23.0.0] AndroidManifest.xml:25:5-82
17-->[com.google.firebase:firebase-messaging:23.0.0] AndroidManifest.xml:25:22-79
18    <!--
19 io.flutter.app.FlutterApplication is an android.app.Application that
20         calls FlutterMain.startInitialization(this); in its onCreate method.
21         In most cases you can leave this as-is, but you if you want to provide
22         additional functionality it is fine to subclass or reimplement
23         FlutterApplication and put your custom class here.
24    -->
25    <application
26        android:name="android.app.Application"
27        android:appComponentFactory="androidx.core.app.CoreComponentFactory"
27-->[androidx.core:core:1.6.0] AndroidManifest.xml:24:18-86
28        android:debuggable="true"
29        android:icon="@mipmap/ic_launcher"
30        android:label="flutterapp" >
31        <activity
32            android:name="gr.ntua.healthkat.MainActivity"
33            android:configChanges="orientation|keyboardHidden|keyboard|screenSize|smallestScreenSize|locale|layoutDirection|fontScale|screenLayout|density|uiMode"
34            android:hardwareAccelerated="true"
35            android:launchMode="singleTop"
36            android:theme="@style/LaunchTheme"
37            android:windowSoftInputMode="adjustResize" >
38
39            <!--
40                 Specifies an Android theme to apply to this Activity as soon as
41                 the Android process has started. This theme is visible to the user
42                 while the Flutter UI initializes. After that, this theme continues
43                 to determine the Window background behind the Flutter UI.
44            -->
45            <meta-data
46                android:name="io.flutter.embedding.android.NormalTheme"
47                android:resource="@style/NormalTheme" />
48            <!--
49                 Displays an Android View that continues showing the launch screen
50                 Drawable until Flutter paints its first frame, then this splash
51                 screen fades out. A splash screen is useful to avoid any visual
52                 gap between the end of Android's launch screen and the painting of
53                 Flutter's first frame.
54            -->
55
56            <intent-filter>
57                <action android:name="android.intent.action.MAIN" />
58
59                <category android:name="android.intent.category.LAUNCHER" />
60            </intent-filter>
61        </activity>
62        <!--
63             Don't delete the meta-data below.
64             This is used by the Flutter tool to generate GeneratedPluginRegistrant.java
65        -->
66        <meta-data
67            android:name="flutterEmbedding"
68            android:value="2" />
69
70        <service
70-->[:firebase_auth] AndroidManifest.xml:8:9-12:19
71            android:name="com.google.firebase.components.ComponentDiscoveryService"
71-->[:firebase_auth] AndroidManifest.xml:8:18-89
72            android:directBootAware="true"
72-->[com.google.firebase:firebase-common:20.0.0] AndroidManifest.xml:35:13-43
73            android:exported="false" >
73-->[com.google.firebase:firebase-firestore:24.0.1] AndroidManifest.xml:19:13-37
74            <meta-data
74-->[:firebase_auth] AndroidManifest.xml:9:13-11:85
75                android:name="com.google.firebase.components:io.flutter.plugins.firebase.auth.FlutterFirebaseAuthRegistrar"
75-->[:firebase_auth] AndroidManifest.xml:10:17-124
76                android:value="com.google.firebase.components.ComponentRegistrar" />
76-->[:firebase_auth] AndroidManifest.xml:11:17-82
77            <meta-data
77-->[:cloud_firestore] AndroidManifest.xml:9:13-11:85
78                android:name="com.google.firebase.components:io.flutter.plugins.firebase.firestore.FlutterFirebaseFirestoreRegistrar"
78-->[:cloud_firestore] AndroidManifest.xml:10:17-134
79                android:value="com.google.firebase.components.ComponentRegistrar" />
79-->[:cloud_firestore] AndroidManifest.xml:11:17-82
80            <meta-data
80-->[:firebase_messaging] AndroidManifest.xml:34:13-36:85
81                android:name="com.google.firebase.components:io.flutter.plugins.firebase.messaging.FlutterFirebaseAppRegistrar"
81-->[:firebase_messaging] AndroidManifest.xml:35:17-128
82                android:value="com.google.firebase.components.ComponentRegistrar" />
82-->[:firebase_messaging] AndroidManifest.xml:36:17-82
83            <meta-data
83-->[:firebase_core] AndroidManifest.xml:9:13-11:85
84                android:name="com.google.firebase.components:io.flutter.plugins.firebase.core.FlutterFirebaseCoreRegistrar"
84-->[:firebase_core] AndroidManifest.xml:10:17-124
85                android:value="com.google.firebase.components.ComponentRegistrar" />
85-->[:firebase_core] AndroidManifest.xml:11:17-82
86            <meta-data
86-->[com.google.firebase:firebase-firestore:24.0.1] AndroidManifest.xml:20:13-22:85
87                android:name="com.google.firebase.components:com.google.firebase.firestore.FirestoreRegistrar"
87-->[com.google.firebase:firebase-firestore:24.0.1] AndroidManifest.xml:21:17-111
88                android:value="com.google.firebase.components.ComponentRegistrar" />
88-->[com.google.firebase:firebase-firestore:24.0.1] AndroidManifest.xml:22:17-82
89            <meta-data
89-->[com.google.firebase:firebase-auth:21.0.1] AndroidManifest.xml:77:13-79:85
90                android:name="com.google.firebase.components:com.google.firebase.auth.FirebaseAuthRegistrar"
90-->[com.google.firebase:firebase-auth:21.0.1] AndroidManifest.xml:78:17-109
91                android:value="com.google.firebase.components.ComponentRegistrar" />
91-->[com.google.firebase:firebase-auth:21.0.1] AndroidManifest.xml:79:17-82
92            <meta-data
92-->[com.google.firebase:firebase-messaging:23.0.0] AndroidManifest.xml:52:13-54:85
93                android:name="com.google.firebase.components:com.google.firebase.messaging.FirebaseMessagingRegistrar"
93-->[com.google.firebase:firebase-messaging:23.0.0] AndroidManifest.xml:53:17-119
94                android:value="com.google.firebase.components.ComponentRegistrar" />
94-->[com.google.firebase:firebase-messaging:23.0.0] AndroidManifest.xml:54:17-82
95            <meta-data
95-->[com.google.firebase:firebase-datatransport:18.0.0] AndroidManifest.xml:28:13-30:85
96                android:name="com.google.firebase.components:com.google.firebase.datatransport.TransportRegistrar"
96-->[com.google.firebase:firebase-datatransport:18.0.0] AndroidManifest.xml:29:17-115
97                android:value="com.google.firebase.components.ComponentRegistrar" />
97-->[com.google.firebase:firebase-datatransport:18.0.0] AndroidManifest.xml:30:17-82
98            <meta-data
98-->[com.google.firebase:firebase-installations:17.0.0] AndroidManifest.xml:18:13-20:85
99                android:name="com.google.firebase.components:com.google.firebase.installations.FirebaseInstallationsRegistrar"
99-->[com.google.firebase:firebase-installations:17.0.0] AndroidManifest.xml:19:17-127
100                android:value="com.google.firebase.components.ComponentRegistrar" />
100-->[com.google.firebase:firebase-installations:17.0.0] AndroidManifest.xml:20:17-82
101        </service>
102        <service
102-->[:firebase_messaging] AndroidManifest.xml:12:9-15:72
103            android:name="io.flutter.plugins.firebase.messaging.FlutterFirebaseMessagingBackgroundService"
103-->[:firebase_messaging] AndroidManifest.xml:13:13-107
104            android:exported="false"
104-->[:firebase_messaging] AndroidManifest.xml:14:13-37
105            android:permission="android.permission.BIND_JOB_SERVICE" />
105-->[:firebase_messaging] AndroidManifest.xml:15:13-69
106        <service
106-->[:firebase_messaging] AndroidManifest.xml:16:9-22:19
107            android:name="io.flutter.plugins.firebase.messaging.FlutterFirebaseMessagingService"
107-->[:firebase_messaging] AndroidManifest.xml:17:13-97
108            android:exported="false" >
108-->[:firebase_messaging] AndroidManifest.xml:18:13-37
109            <intent-filter>
109-->[:firebase_messaging] AndroidManifest.xml:19:13-21:29
110                <action android:name="com.google.firebase.MESSAGING_EVENT" />
110-->[:firebase_messaging] AndroidManifest.xml:20:17-78
110-->[:firebase_messaging] AndroidManifest.xml:20:25-75
111            </intent-filter>
112        </service>
113
114        <receiver
114-->[:firebase_messaging] AndroidManifest.xml:24:9-31:20
115            android:name="io.flutter.plugins.firebase.messaging.FlutterFirebaseMessagingReceiver"
115-->[:firebase_messaging] AndroidManifest.xml:25:13-98
116            android:exported="true"
116-->[:firebase_messaging] AndroidManifest.xml:26:13-36
117            android:permission="com.google.android.c2dm.permission.SEND" >
117-->[:firebase_messaging] AndroidManifest.xml:27:13-73
118            <intent-filter>
118-->[:firebase_messaging] AndroidManifest.xml:28:13-30:29
119                <action android:name="com.google.android.c2dm.intent.RECEIVE" />
119-->[:firebase_messaging] AndroidManifest.xml:29:17-81
119-->[:firebase_messaging] AndroidManifest.xml:29:25-78
120            </intent-filter>
121        </receiver>
122
123        <provider
123-->[:firebase_messaging] AndroidManifest.xml:39:9-43:38
124            android:name="io.flutter.plugins.firebase.messaging.FlutterFirebaseMessagingInitProvider"
124-->[:firebase_messaging] AndroidManifest.xml:40:13-102
125            android:authorities="gr.ntua.healthkat.flutterfirebasemessaginginitprovider"
125-->[:firebase_messaging] AndroidManifest.xml:41:13-88
126            android:exported="false"
126-->[:firebase_messaging] AndroidManifest.xml:42:13-37
127            android:initOrder="99" />
127-->[:firebase_messaging] AndroidManifest.xml:43:13-35
128
129        <uses-library
129-->[androidx.window:window:1.0.0-beta04] AndroidManifest.xml:25:9-27:40
130            android:name="androidx.window.extensions"
130-->[androidx.window:window:1.0.0-beta04] AndroidManifest.xml:26:13-54
131            android:required="false" />
131-->[androidx.window:window:1.0.0-beta04] AndroidManifest.xml:27:13-37
132        <uses-library
132-->[androidx.window:window:1.0.0-beta04] AndroidManifest.xml:28:9-30:40
133            android:name="androidx.window.sidecar"
133-->[androidx.window:window:1.0.0-beta04] AndroidManifest.xml:29:13-51
134            android:required="false" />
134-->[androidx.window:window:1.0.0-beta04] AndroidManifest.xml:30:13-37
135
136        <activity
136-->[com.google.firebase:firebase-auth:21.0.1] AndroidManifest.xml:27:9-44:20
137            android:name="com.google.firebase.auth.internal.GenericIdpActivity"
137-->[com.google.firebase:firebase-auth:21.0.1] AndroidManifest.xml:28:13-80
138            android:excludeFromRecents="true"
138-->[com.google.firebase:firebase-auth:21.0.1] AndroidManifest.xml:29:13-46
139            android:exported="true"
139-->[com.google.firebase:firebase-auth:21.0.1] AndroidManifest.xml:30:13-36
140            android:launchMode="singleTask"
140-->[com.google.firebase:firebase-auth:21.0.1] AndroidManifest.xml:31:13-44
141            android:theme="@android:style/Theme.Translucent.NoTitleBar" >
141-->[com.google.firebase:firebase-auth:21.0.1] AndroidManifest.xml:32:13-72
142            <intent-filter>
142-->[com.google.firebase:firebase-auth:21.0.1] AndroidManifest.xml:33:13-43:29
143                <action android:name="android.intent.action.VIEW" />
143-->[com.google.firebase:firebase-auth:21.0.1] AndroidManifest.xml:34:17-69
143-->[com.google.firebase:firebase-auth:21.0.1] AndroidManifest.xml:34:25-66
144
145                <category android:name="android.intent.category.DEFAULT" />
145-->[com.google.firebase:firebase-auth:21.0.1] AndroidManifest.xml:36:17-76
145-->[com.google.firebase:firebase-auth:21.0.1] AndroidManifest.xml:36:27-73
146                <category android:name="android.intent.category.BROWSABLE" />
146-->[com.google.firebase:firebase-auth:21.0.1] AndroidManifest.xml:37:17-78
146-->[com.google.firebase:firebase-auth:21.0.1] AndroidManifest.xml:37:27-75
147
148                <data
148-->[com.google.firebase:firebase-auth:21.0.1] AndroidManifest.xml:39:17-42:51
149                    android:host="firebase.auth"
149-->[com.google.firebase:firebase-auth:21.0.1] AndroidManifest.xml:40:21-49
150                    android:path="/"
150-->[com.google.firebase:firebase-auth:21.0.1] AndroidManifest.xml:41:21-37
151                    android:scheme="genericidp" />
151-->[com.google.firebase:firebase-auth:21.0.1] AndroidManifest.xml:42:21-48
152            </intent-filter>
153        </activity>
154        <activity
154-->[com.google.firebase:firebase-auth:21.0.1] AndroidManifest.xml:45:9-62:20
155            android:name="com.google.firebase.auth.internal.RecaptchaActivity"
155-->[com.google.firebase:firebase-auth:21.0.1] AndroidManifest.xml:46:13-79
156            android:excludeFromRecents="true"
156-->[com.google.firebase:firebase-auth:21.0.1] AndroidManifest.xml:47:13-46
157            android:exported="true"
157-->[com.google.firebase:firebase-auth:21.0.1] AndroidManifest.xml:48:13-36
158            android:launchMode="singleTask"
158-->[com.google.firebase:firebase-auth:21.0.1] AndroidManifest.xml:49:13-44
159            android:theme="@android:style/Theme.Translucent.NoTitleBar" >
159-->[com.google.firebase:firebase-auth:21.0.1] AndroidManifest.xml:50:13-72
160            <intent-filter>
160-->[com.google.firebase:firebase-auth:21.0.1] AndroidManifest.xml:51:13-61:29
161                <action android:name="android.intent.action.VIEW" />
161-->[com.google.firebase:firebase-auth:21.0.1] AndroidManifest.xml:34:17-69
161-->[com.google.firebase:firebase-auth:21.0.1] AndroidManifest.xml:34:25-66
162
163                <category android:name="android.intent.category.DEFAULT" />
163-->[com.google.firebase:firebase-auth:21.0.1] AndroidManifest.xml:36:17-76
163-->[com.google.firebase:firebase-auth:21.0.1] AndroidManifest.xml:36:27-73
164                <category android:name="android.intent.category.BROWSABLE" />
164-->[com.google.firebase:firebase-auth:21.0.1] AndroidManifest.xml:37:17-78
164-->[com.google.firebase:firebase-auth:21.0.1] AndroidManifest.xml:37:27-75
165
166                <data
166-->[com.google.firebase:firebase-auth:21.0.1] AndroidManifest.xml:39:17-42:51
167                    android:host="firebase.auth"
167-->[com.google.firebase:firebase-auth:21.0.1] AndroidManifest.xml:40:21-49
168                    android:path="/"
168-->[com.google.firebase:firebase-auth:21.0.1] AndroidManifest.xml:41:21-37
169                    android:scheme="recaptcha" />
169-->[com.google.firebase:firebase-auth:21.0.1] AndroidManifest.xml:42:21-48
170            </intent-filter>
171        </activity>
172
173        <service
173-->[com.google.firebase:firebase-auth:21.0.1] AndroidManifest.xml:64:9-73:19
174            android:name="com.google.firebase.auth.api.fallback.service.FirebaseAuthFallbackService"
174-->[com.google.firebase:firebase-auth:21.0.1] AndroidManifest.xml:65:13-101
175            android:enabled="true"
175-->[com.google.firebase:firebase-auth:21.0.1] AndroidManifest.xml:66:13-35
176            android:exported="false" >
176-->[com.google.firebase:firebase-auth:21.0.1] AndroidManifest.xml:67:13-37
177            <intent-filter>
177-->[com.google.firebase:firebase-auth:21.0.1] AndroidManifest.xml:68:13-72:29
178                <action android:name="com.google.firebase.auth.api.gms.service.START" />
178-->[com.google.firebase:firebase-auth:21.0.1] AndroidManifest.xml:69:17-89
178-->[com.google.firebase:firebase-auth:21.0.1] AndroidManifest.xml:69:25-86
179
180                <category android:name="android.intent.category.DEFAULT" />
180-->[com.google.firebase:firebase-auth:21.0.1] AndroidManifest.xml:36:17-76
180-->[com.google.firebase:firebase-auth:21.0.1] AndroidManifest.xml:36:27-73
181            </intent-filter>
182        </service>
183
184        <receiver
184-->[com.google.firebase:firebase-messaging:23.0.0] AndroidManifest.xml:28:9-35:20
185            android:name="com.google.firebase.iid.FirebaseInstanceIdReceiver"
185-->[com.google.firebase:firebase-messaging:23.0.0] AndroidManifest.xml:29:13-78
186            android:exported="true"
186-->[com.google.firebase:firebase-messaging:23.0.0] AndroidManifest.xml:30:13-36
187            android:permission="com.google.android.c2dm.permission.SEND" >
187-->[com.google.firebase:firebase-messaging:23.0.0] AndroidManifest.xml:31:13-73
188            <intent-filter>
188-->[:firebase_messaging] AndroidManifest.xml:28:13-30:29
189                <action android:name="com.google.android.c2dm.intent.RECEIVE" />
189-->[:firebase_messaging] AndroidManifest.xml:29:17-81
189-->[:firebase_messaging] AndroidManifest.xml:29:25-78
190            </intent-filter>
191        </receiver>
192        <!--
193             FirebaseMessagingService performs security checks at runtime,
194             but set to not exported to explicitly avoid allowing another app to call it.
195        -->
196        <service
196-->[com.google.firebase:firebase-messaging:23.0.0] AndroidManifest.xml:41:9-48:19
197            android:name="com.google.firebase.messaging.FirebaseMessagingService"
197-->[com.google.firebase:firebase-messaging:23.0.0] AndroidManifest.xml:42:13-82
198            android:directBootAware="true"
198-->[com.google.firebase:firebase-messaging:23.0.0] AndroidManifest.xml:43:13-43
199            android:exported="false" >
199-->[com.google.firebase:firebase-messaging:23.0.0] AndroidManifest.xml:44:13-37
200            <intent-filter android:priority="-500" >
200-->[:firebase_messaging] AndroidManifest.xml:19:13-21:29
201                <action android:name="com.google.firebase.MESSAGING_EVENT" />
201-->[:firebase_messaging] AndroidManifest.xml:20:17-78
201-->[:firebase_messaging] AndroidManifest.xml:20:25-75
202            </intent-filter>
203        </service>
204        <service
204-->[com.google.android.datatransport:transport-backend-cct:3.0.0] AndroidManifest.xml:29:9-35:19
205            android:name="com.google.android.datatransport.runtime.backends.TransportBackendDiscovery"
205-->[com.google.android.datatransport:transport-backend-cct:3.0.0] AndroidManifest.xml:30:13-103
206            android:exported="false" >
206-->[com.google.android.datatransport:transport-backend-cct:3.0.0] AndroidManifest.xml:31:13-37
207            <meta-data
207-->[com.google.android.datatransport:transport-backend-cct:3.0.0] AndroidManifest.xml:32:13-34:39
208                android:name="backend:com.google.android.datatransport.cct.CctBackendFactory"
208-->[com.google.android.datatransport:transport-backend-cct:3.0.0] AndroidManifest.xml:33:17-94
209                android:value="cct" />
209-->[com.google.android.datatransport:transport-backend-cct:3.0.0] AndroidManifest.xml:34:17-36
210        </service>
211
212        <provider
212-->[com.google.firebase:firebase-common:20.0.0] AndroidManifest.xml:26:9-31:39
213            android:name="com.google.firebase.provider.FirebaseInitProvider"
213-->[com.google.firebase:firebase-common:20.0.0] AndroidManifest.xml:27:13-77
214            android:authorities="gr.ntua.healthkat.firebaseinitprovider"
214-->[com.google.firebase:firebase-common:20.0.0] AndroidManifest.xml:28:13-72
215            android:directBootAware="true"
215-->[com.google.firebase:firebase-common:20.0.0] AndroidManifest.xml:29:13-43
216            android:exported="false"
216-->[com.google.firebase:firebase-common:20.0.0] AndroidManifest.xml:30:13-37
217            android:initOrder="100" />
217-->[com.google.firebase:firebase-common:20.0.0] AndroidManifest.xml:31:13-36
218
219        <service
219-->[com.google.android.datatransport:transport-runtime:3.0.0] AndroidManifest.xml:26:9-30:19
220            android:name="com.google.android.datatransport.runtime.scheduling.jobscheduling.JobInfoSchedulerService"
220-->[com.google.android.datatransport:transport-runtime:3.0.0] AndroidManifest.xml:27:13-117
221            android:exported="false"
221-->[com.google.android.datatransport:transport-runtime:3.0.0] AndroidManifest.xml:28:13-37
222            android:permission="android.permission.BIND_JOB_SERVICE" >
222-->[com.google.android.datatransport:transport-runtime:3.0.0] AndroidManifest.xml:29:13-69
223        </service>
224
225        <receiver
225-->[com.google.android.datatransport:transport-runtime:3.0.0] AndroidManifest.xml:32:9-34:40
226            android:name="com.google.android.datatransport.runtime.scheduling.jobscheduling.AlarmManagerSchedulerBroadcastReceiver"
226-->[com.google.android.datatransport:transport-runtime:3.0.0] AndroidManifest.xml:33:13-132
227            android:exported="false" />
227-->[com.google.android.datatransport:transport-runtime:3.0.0] AndroidManifest.xml:34:13-37
228
229        <activity
229-->[com.google.android.gms:play-services-base:17.1.0] AndroidManifest.xml:23:9-26:75
230            android:name="com.google.android.gms.common.api.GoogleApiActivity"
230-->[com.google.android.gms:play-services-base:17.1.0] AndroidManifest.xml:24:13-79
231            android:exported="false"
231-->[com.google.android.gms:play-services-base:17.1.0] AndroidManifest.xml:25:13-37
232            android:theme="@android:style/Theme.Translucent.NoTitleBar" />
232-->[com.google.android.gms:play-services-base:17.1.0] AndroidManifest.xml:26:13-72
233
234        <meta-data
234-->[com.google.android.gms:play-services-basement:17.1.0] AndroidManifest.xml:23:9-25:69
235            android:name="com.google.android.gms.version"
235-->[com.google.android.gms:play-services-basement:17.1.0] AndroidManifest.xml:24:13-58
236            android:value="@integer/google_play_services_version" />
236-->[com.google.android.gms:play-services-basement:17.1.0] AndroidManifest.xml:25:13-66
237    </application>
238
239</manifest>